#-----------------------------------------------------------
# Vivado v2020.2 (64-bit)
# SW Build 3064766 on Wed Nov 18 09:12:45 MST 2020
# IP Build 3064653 on Wed Nov 18 14:17:31 MST 2020
# Start of session at: Thu Apr 28 16:26:36 2022
# Process ID: 22944
# Current directory: F:/COA assignment/Pipelined-1
# Command line: vivado.exe -gui_launcher_event rodinguilauncherevent3220 F:\COA assignment\Pipelined-1\mips.xpr
# Log file: F:/COA assignment/Pipelined-1/vivado.log
# Journal file: F:/COA assignment/Pipelined-1\vivado.jou
#-----------------------------------------------------------
start_gui
open_project {F:/COA assignment/Pipelined-1/mips.xpr}
INFO: [Project 1-313] Project file moved from 'E:/COA_assign/Assignment 2 - Team  6/Jump-Pipelined' since last save.
Scanning sources...
Finished scanning sources
INFO: [IP_Flow 19-234] Refreshing IP repositories
INFO: [IP_Flow 19-1704] No user IP repositories specified
INFO: [IP_Flow 19-2313] Loaded Vivado IP repository 'F:/Xilinx/Vivado/2020.2/data/ip'.
open_project: Time (s): cpu = 00:00:15 ; elapsed = 00:00:08 . Memory (MB): peak = 1007.859 ; gain = 0.000
open_bd_design {F:/COA assignment/Pipelined-1/mips.srcs/sources_1/bd/mips/mips.bd}
Reading block design file <F:/COA assignment/Pipelined-1/mips.srcs/sources_1/bd/mips/mips.bd>...
Adding component instance block -- xilinx.com:ip:xlslice:1.0 - xlslice_0
Adding component instance block -- xilinx.com:module_ref:programCounter:1.0 - programCounter_0
Adding component instance block -- xilinx.com:module_ref:mux:1.0 - mux_2
Adding component instance block -- xilinx.com:module_ref:mux:1.0 - mux_3
Adding component instance block -- xilinx.com:module_ref:signExtern:1.0 - signExtern_0
Adding component instance block -- xilinx.com:module_ref:adder:1.0 - adder_1
Adding component instance block -- xilinx.com:module_ref:dataMemory:1.0 - dataMemory_0
Adding component instance block -- xilinx.com:ip:xlslice:1.0 - xlslice_3
Adding component instance block -- xilinx.com:module_ref:mux:1.0 - mux_4
Adding component instance block -- xilinx.com:ip:xlslice:1.0 - xlslice_4
Adding component instance block -- xilinx.com:ip:xlslice:1.0 - xlslice_5
Adding component instance block -- xilinx.com:ip:xlconcat:2.1 - xlconcat_0
Adding component instance block -- xilinx.com:module_ref:adder:1.0 - adder_0
Adding component instance block -- xilinx.com:ip:xlconstant:1.1 - constantFour
Adding component instance block -- xilinx.com:module_ref:RegFile:1.0 - RegFile_0
Adding component instance block -- xilinx.com:module_ref:alu:1.0 - alu_0
Adding component instance block -- xilinx.com:module_ref:signExtern:1.0 - signExtern_1
Adding component instance block -- xilinx.com:module_ref:mux:1.0 - mux_1
Adding component instance block -- xilinx.com:module_ref:mux:1.0 - mux_0
Adding component instance block -- xilinx.com:module_ref:instructionMemory:1.0 - instructionMemory_0
Adding component instance block -- xilinx.com:module_ref:dff:1.0 - dff_0
Adding component instance block -- xilinx.com:ip:xlslice:1.0 - xlslice_1
Adding component instance block -- xilinx.com:ip:xlslice:1.0 - xlslice_2
Adding component instance block -- xilinx.com:module_ref:shiftLeft:1.0 - shiftLeft_0
Adding component instance block -- xilinx.com:module_ref:dff:1.0 - dff_2
Adding component instance block -- xilinx.com:module_ref:dff:1.0 - dff_1
Adding component instance block -- xilinx.com:module_ref:dff:1.0 - dff_3
Adding component instance block -- xilinx.com:module_ref:dff:1.0 - dff_6
Adding component instance block -- xilinx.com:module_ref:dff:1.0 - dff_8
Adding component instance block -- xilinx.com:module_ref:dff:1.0 - dff_7
Adding component instance block -- xilinx.com:module_ref:dff:1.0 - dff_9
Adding component instance block -- xilinx.com:module_ref:dff:1.0 - dff_10
Adding component instance block -- xilinx.com:module_ref:dff:1.0 - dff_11
Adding component instance block -- xilinx.com:module_ref:dff:1.0 - dff_12
Adding component instance block -- xilinx.com:module_ref:dff:1.0 - dff_13
Adding component instance block -- xilinx.com:module_ref:dff:1.0 - dff_14
Adding component instance block -- xilinx.com:module_ref:dff:1.0 - dff_4
Adding component instance block -- xilinx.com:module_ref:dff:1.0 - dff_5
Adding component instance block -- xilinx.com:module_ref:dff:1.0 - dff_15
Adding component instance block -- xilinx.com:module_ref:dff:1.0 - dff_17
Adding component instance block -- xilinx.com:module_ref:dff:1.0 - dff_16
Adding component instance block -- xilinx.com:module_ref:dff:1.0 - dff_18
Adding component instance block -- xilinx.com:module_ref:dff:1.0 - dff_19
Adding component instance block -- xilinx.com:module_ref:dff:1.0 - dff_20
Adding component instance block -- xilinx.com:module_ref:dff:1.0 - dff_21
Adding component instance block -- xilinx.com:module_ref:dff:1.0 - dff_22
Adding component instance block -- xilinx.com:module_ref:dff:1.0 - dff_23
Adding component instance block -- xilinx.com:module_ref:dff:1.0 - dff_24
Adding component instance block -- xilinx.com:module_ref:dff:1.0 - dff_25
Adding component instance block -- xilinx.com:module_ref:dff:1.0 - dff_26
Adding component instance block -- xilinx.com:module_ref:dff:1.0 - dff_27
Adding component instance block -- xilinx.com:module_ref:dff:1.0 - dff_28
Adding component instance block -- xilinx.com:module_ref:AND_gate:1.0 - AND_gate_0
Adding component instance block -- xilinx.com:module_ref:dff:1.0 - dff_29
Adding component instance block -- xilinx.com:module_ref:dff:1.0 - dff_30
Adding component instance block -- xilinx.com:module_ref:controlLogic:1.0 - controlLogic_0
Successfully read diagram <mips> from block design file <F:/COA assignment/Pipelined-1/mips.srcs/sources_1/bd/mips/mips.bd>
update_compile_order -fileset sources_1
update_module_reference mips_controlLogic_0_0
INFO: [IP_Flow 19-234] Refreshing IP repositories
INFO: [IP_Flow 19-1704] No user IP repositories specified
Upgrading 'F:/COA assignment/Pipelined-1/mips.srcs/sources_1/bd/mips/mips.bd'
INFO: [IP_Flow 19-3420] Updated mips_controlLogic_0_0 to use current project options
Wrote  : <F:\COA assignment\Pipelined-1\mips.srcs\sources_1\bd\mips\mips.bd> 
Wrote  : <F:/COA assignment/Pipelined-1/mips.srcs/sources_1/bd/mips/ui/bd_e0a3b57f.ui> 
delete_bd_objs [get_bd_nets DataPath/mux_3_muxOut]
delete_bd_objs [get_bd_nets DataPath/adder_1_adderOut]
connect_bd_net [get_bd_pins DataPath/adder_1/adderOut] [get_bd_pins DataPath/dff_14/d]
delete_bd_objs [get_bd_nets DataPath/dff_14_q]
connect_bd_net [get_bd_pins DataPath/dff_14/q] [get_bd_pins DataPath/mux_3/in1]
connect_bd_net [get_bd_pins DataPath/mux_3/muxOut] [get_bd_pins DataPath/mux_4/in0]
group_bd_cells IF_ID [get_bd_cells DataPath/dff_0] [get_bd_cells DataPath/dff_2]
group_bd_cells ID_EX [get_bd_cells DataPath/dff_5] [get_bd_cells DataPath/dff_23]
undo
INFO: [Common 17-17] undo 'group_bd_cells ID_EX [get_bd_cells DataPath/dff_5] [get_bd_cells DataPath/dff_23]'
undo
INFO: [Common 17-17] undo 'group_bd_cells IF_ID [get_bd_cells DataPath/dff_0] [get_bd_cells DataPath/dff_2]'
group_bd_cells MEM_WB [get_bd_cells DataPath/dff_24] [get_bd_cells DataPath/dff_25] [get_bd_cells DataPath/dff_13] [get_bd_cells DataPath/dff_11]
save_bd_design
Wrote  : <F:\COA assignment\Pipelined-1\mips.srcs\sources_1\bd\mips\mips.bd> 
Wrote  : <F:/COA assignment/Pipelined-1/mips.srcs/sources_1/bd/mips/ui/bd_e0a3b57f.ui> 
Wrote  : <F:/COA assignment/Pipelined-1/mips.srcs/sources_1/bd/mips/ui/bd_c1bbd58e.ui> 
group_bd_cells IF_ID [get_bd_cells DataPath/dff_2]
group_bd_cells EX_MEM [get_bd_cells DataPath/dff_21] [get_bd_cells DataPath/dff_19]
move_bd_cells [get_bd_cells DataPath/IF_ID] [get_bd_cells DataPath/dff_0]
group_bd_cells ID_EX [get_bd_cells DataPath/dff_6] [get_bd_cells DataPath/dff_22] [get_bd_cells DataPath/dff_29]
save_bd_design
Wrote  : <F:\COA assignment\Pipelined-1\mips.srcs\sources_1\bd\mips\mips.bd> 
Wrote  : <F:/COA assignment/Pipelined-1/mips.srcs/sources_1/bd/mips/ui/bd_e0a3b57f.ui> 
Wrote  : <F:/COA assignment/Pipelined-1/mips.srcs/sources_1/bd/mips/ui/bd_c1bbd58e.ui> 
set_property location {3 583 663} [get_bd_cells DataPath/dff_18]
move_bd_cells [get_bd_cells DataPath/ID_EX] [get_bd_cells DataPath/dff_18]
move_bd_cells [get_bd_cells DataPath/EX_MEM] [get_bd_cells DataPath/dff_30]
move_bd_cells [get_bd_cells DataPath/EX_MEM] [get_bd_cells DataPath/dff_14]
move_bd_cells [get_bd_cells DataPath/ID_EX] [get_bd_cells DataPath/dff_17]
move_bd_cells [get_bd_cells DataPath/ID_EX] [get_bd_cells DataPath/dff_8]
move_bd_cells [get_bd_cells DataPath/ID_EX] [get_bd_cells DataPath/dff_16]
move_bd_cells [get_bd_cells DataPath/EX_MEM] [get_bd_cells DataPath/dff_7]
move_bd_cells [get_bd_cells DataPath/ID_EX] [get_bd_cells DataPath/dff_4]
move_bd_cells [get_bd_cells DataPath/ID_EX] [get_bd_cells DataPath/dff_23]
move_bd_cells [get_bd_cells DataPath/ID_EX] [get_bd_cells DataPath/dff_5]
move_bd_cells [get_bd_cells DataPath/ID_EX] [get_bd_cells DataPath/dff_3]
move_bd_cells [get_bd_cells DataPath/ID_EX] [get_bd_cells DataPath/dff_26]
move_bd_cells [get_bd_cells DataPath/EX_MEM] [get_bd_cells DataPath/ID_EX/dff_26] [get_bd_cells DataPath/dff_20] [get_bd_cells DataPath/dff_12]
ERROR: [BD 41-83] Exec TCL: objects are not on same level of design
ERROR: [Common 17-39] 'move_bd_cells' failed due to earlier errors.
move_bd_cells [get_bd_cells DataPath/EX_MEM] [get_bd_cells DataPath/dff_20]
move_bd_cells [get_bd_cells DataPath/EX_MEM] [get_bd_cells DataPath/dff_12]
move_bd_cells [get_bd_cells DataPath/EX_MEM] [get_bd_cells DataPath/dff_10]
move_bd_cells [get_bd_cells DataPath/EX_MEM] [get_bd_cells DataPath/dff_27]
move_bd_cells [get_bd_cells DataPath/EX_MEM] [get_bd_cells DataPath/dff_28]
move_bd_cells [get_bd_cells DataPath/ID_EX] [get_bd_cells DataPath/dff_1]
regenerate_bd_layout -hierarchy [get_bd_cells DataPath]
move_bd_cells [get_bd_cells DataPath/ID_EX] [get_bd_cells DataPath/dff_15]
regenerate_bd_layout -hierarchy [get_bd_cells DataPath]
move_bd_cells [get_bd_cells DataPath/MEM_WB] [get_bd_cells DataPath/dff_9]
regenerate_bd_layout -hierarchy [get_bd_cells DataPath]
save_bd_design
Wrote  : <F:\COA assignment\Pipelined-1\mips.srcs\sources_1\bd\mips\mips.bd> 
Wrote  : <F:/COA assignment/Pipelined-1/mips.srcs/sources_1/bd/mips/ui/bd_e0a3b57f.ui> 
Wrote  : <F:/COA assignment/Pipelined-1/mips.srcs/sources_1/bd/mips/ui/bd_c1bbd58e.ui> 
