#-----------------------------------------------------------
# Vivado v2020.2 (64-bit)
# SW Build 3064766 on Wed Nov 18 09:12:45 MST 2020
# IP Build 3064653 on Wed Nov 18 14:17:31 MST 2020
# Start of session at: Sat Apr 30 21:16:18 2022
# Process ID: 21176
# Current directory: F:/New folder/Pipelined-1 - Copy
# Command line: vivado.exe -gui_launcher_event rodinguilauncherevent17072 F:\New folder\Pipelined-1 - Copy\mips.xpr
# Log file: F:/New folder/Pipelined-1 - Copy/vivado.log
# Journal file: F:/New folder/Pipelined-1 - Copy\vivado.jou
#-----------------------------------------------------------
start_gui
open_project {F:/New folder/Pipelined-1 - Copy/mips.xpr}
INFO: [Project 1-313] Project file moved from 'C:/Users/Admin/Desktop/Pipelined-1 - Copy' since last save.
Scanning sources...
Finished scanning sources
INFO: [IP_Flow 19-234] Refreshing IP repositories
INFO: [IP_Flow 19-1704] No user IP repositories specified
INFO: [IP_Flow 19-2313] Loaded Vivado IP repository 'F:/Xilinx/Vivado/2020.2/data/ip'.
open_project: Time (s): cpu = 00:00:13 ; elapsed = 00:00:07 . Memory (MB): peak = 1004.668 ; gain = 0.000
update_compile_order -fileset sources_1
open_bd_design {F:/New folder/Pipelined-1 - Copy/mips.srcs/sources_1/bd/mips/mips.bd}
Reading block design file <F:/New folder/Pipelined-1 - Copy/mips.srcs/sources_1/bd/mips/mips.bd>...
Adding component instance block -- xilinx.com:ip:xlslice:1.0 - xlslice_0
Adding component instance block -- xilinx.com:module_ref:programCounter:1.0 - programCounter_0
Adding component instance block -- xilinx.com:module_ref:mux:1.0 - mux_2
Adding component instance block -- xilinx.com:module_ref:mux:1.0 - mux_3
Adding component instance block -- xilinx.com:module_ref:signExtern:1.0 - signExtern_0
Adding component instance block -- xilinx.com:module_ref:adder:1.0 - adder_1
Adding component instance block -- xilinx.com:module_ref:dataMemory:1.0 - dataMemory_0
Adding component instance block -- xilinx.com:ip:xlslice:1.0 - xlslice_3
Adding component instance block -- xilinx.com:module_ref:mux:1.0 - mux_4
Adding component instance block -- xilinx.com:ip:xlslice:1.0 - xlslice_4
Adding component instance block -- xilinx.com:ip:xlslice:1.0 - xlslice_5
Adding component instance block -- xilinx.com:ip:xlconcat:2.1 - xlconcat_0
Adding component instance block -- xilinx.com:module_ref:adder:1.0 - adder_0
Adding component instance block -- xilinx.com:ip:xlconstant:1.1 - constantFour
Adding component instance block -- xilinx.com:module_ref:RegFile:1.0 - RegFile_0
Adding component instance block -- xilinx.com:module_ref:alu:1.0 - alu_0
Adding component instance block -- xilinx.com:module_ref:signExtern:1.0 - signExtern_1
Adding component instance block -- xilinx.com:module_ref:mux:1.0 - mux_1
Adding component instance block -- xilinx.com:module_ref:mux:1.0 - mux_0
Adding component instance block -- xilinx.com:ip:xlslice:1.0 - xlslice_1
Adding component instance block -- xilinx.com:ip:xlslice:1.0 - xlslice_2
Adding component instance block -- xilinx.com:module_ref:shiftLeft:1.0 - shiftLeft_0
Adding component instance block -- xilinx.com:module_ref:AND_gate:1.0 - AND_gate_0
Adding component instance block -- xilinx.com:module_ref:dff:1.0 - dff_24
Adding component instance block -- xilinx.com:module_ref:dff:1.0 - dff_25
Adding component instance block -- xilinx.com:module_ref:dff:1.0 - dff_13
Adding component instance block -- xilinx.com:module_ref:dff:1.0 - dff_11
Adding component instance block -- xilinx.com:module_ref:dff:1.0 - dff_9
Adding component instance block -- xilinx.com:module_ref:dff:1.0 - dff_2
Adding component instance block -- xilinx.com:module_ref:dff:1.0 - dff_0
Adding component instance block -- xilinx.com:module_ref:dff:1.0 - dff_21
Adding component instance block -- xilinx.com:module_ref:dff:1.0 - dff_19
Adding component instance block -- xilinx.com:module_ref:dff:1.0 - dff_30
Adding component instance block -- xilinx.com:module_ref:dff:1.0 - dff_14
Adding component instance block -- xilinx.com:module_ref:dff:1.0 - dff_7
Adding component instance block -- xilinx.com:module_ref:dff:1.0 - dff_20
Adding component instance block -- xilinx.com:module_ref:dff:1.0 - dff_12
Adding component instance block -- xilinx.com:module_ref:dff:1.0 - dff_10
Adding component instance block -- xilinx.com:module_ref:dff:1.0 - dff_27
Adding component instance block -- xilinx.com:module_ref:dff:1.0 - dff_28
Adding component instance block -- xilinx.com:module_ref:dff:1.0 - dff_6
Adding component instance block -- xilinx.com:module_ref:dff:1.0 - dff_22
Adding component instance block -- xilinx.com:module_ref:dff:1.0 - dff_29
Adding component instance block -- xilinx.com:module_ref:dff:1.0 - dff_18
Adding component instance block -- xilinx.com:module_ref:dff:1.0 - dff_17
Adding component instance block -- xilinx.com:module_ref:dff:1.0 - dff_8
Adding component instance block -- xilinx.com:module_ref:dff:1.0 - dff_16
Adding component instance block -- xilinx.com:module_ref:dff:1.0 - dff_4
Adding component instance block -- xilinx.com:module_ref:dff:1.0 - dff_23
Adding component instance block -- xilinx.com:module_ref:dff:1.0 - dff_5
Adding component instance block -- xilinx.com:module_ref:dff:1.0 - dff_3
Adding component instance block -- xilinx.com:module_ref:dff:1.0 - dff_26
Adding component instance block -- xilinx.com:module_ref:dff:1.0 - dff_1
Adding component instance block -- xilinx.com:module_ref:dff:1.0 - dff_0
Adding component instance block -- xilinx.com:module_ref:dff:1.0 - dff_15
Adding component instance block -- xilinx.com:module_ref:dff:1.0 - dff_memrd
Adding component instance block -- xilinx.com:module_ref:DataFU:1.0 - DataFU_0
Adding component instance block -- xilinx.com:ip:xlslice:1.0 - xlslice_6
Adding component instance block -- xilinx.com:module_ref:mux3in:1.0 - mux3in_0
Adding component instance block -- xilinx.com:module_ref:mux3in:1.0 - mux3in_1
Adding component instance block -- xilinx.com:module_ref:HazardDU:1.0 - HazardDU_0
Adding component instance block -- xilinx.com:module_ref:mux:1.0 - mux_5
Adding component instance block -- xilinx.com:ip:xlconstant:1.1 - xlconstant_1
Adding component instance block -- xilinx.com:ip:xlconstant:1.1 - xlconstant_0
Adding component instance block -- xilinx.com:module_ref:mux:1.0 - mux_6
Adding component instance block -- xilinx.com:module_ref:mux:1.0 - mux_7
Adding component instance block -- xilinx.com:module_ref:mux:1.0 - mux_8
Adding component instance block -- xilinx.com:module_ref:mux:1.0 - mux_9
Adding component instance block -- xilinx.com:module_ref:mux:1.0 - mux_10
Adding component instance block -- xilinx.com:module_ref:mux:1.0 - mux_11
Adding component instance block -- xilinx.com:module_ref:mux:1.0 - mux_12
Adding component instance block -- xilinx.com:module_ref:mux:1.0 - mux_13
Adding component instance block -- xilinx.com:module_ref:AND_gate:1.0 - AND_gate_1
Adding component instance block -- xilinx.com:module_ref:AND_gate:1.0 - AND_gate_2
Adding component instance block -- xilinx.com:module_ref:instructionMemory:1.0 - instructionMemory_0
Adding component instance block -- xilinx.com:module_ref:controlLogic:1.0 - controlLogic_0
Successfully read diagram <mips> from block design file <F:/New folder/Pipelined-1 - Copy/mips.srcs/sources_1/bd/mips/mips.bd>
open_bd_design: Time (s): cpu = 00:00:07 ; elapsed = 00:00:05 . Memory (MB): peak = 1004.668 ; gain = 0.000
set_property location {1 59 -37366} [get_bd_cells controlLogic_0]
create_bd_cell -type module -reference mux DataPath/mux_14
delete_bd_objs [get_bd_nets DataPath/instructionMemory_0_instruction]
connect_bd_net [get_bd_pins DataPath/instructionMemory_0/instruction] [get_bd_pins DataPath/mux_14/in0]
startgroup
set_property -dict [list CONFIG.width {32}] [get_bd_cells DataPath/mux_14]
endgroup
startgroup
create_bd_cell -type ip -vlnv xilinx.com:ip:xlconstant:1.1 xlconstant_0
endgroup
move_bd_cells [get_bd_cells DataPath] [get_bd_cells xlconstant_0]
expected number but got ""
ERROR: [IP_Flow 19-3317] Tcl Error found in 'validate_PARAM_VALUE.CONST_VAL' method. expected number but got ""
set_property -dict [list CONFIG.CONST_WIDTH {32} CONFIG.CONST_VAL {0}] [get_bd_cells DataPath/xlconstant_2]
connect_bd_net [get_bd_pins DataPath/xlconstant_2/dout] [get_bd_pins DataPath/mux_14/in1]
connect_bd_net [get_bd_pins DataPath/ctrl4] [get_bd_pins DataPath/mux_14/ctrl]
connect_bd_net [get_bd_pins DataPath/mux_14/muxOut] [get_bd_pins DataPath/IF_ID/d]
delete_bd_objs [get_bd_nets DataPath/mux_8_muxOut]
delete_bd_objs [get_bd_nets DataPath/ID_EX_q2]
delete_bd_objs [get_bd_nets DataPath/EX_MEM_q2]
connect_bd_net [get_bd_pins DataPath/mux_8/muxOut] [get_bd_pins DataPath/mux_4/ctrl]
delete_bd_objs [get_bd_nets DataPath/ID_EX/d11_1] [get_bd_nets DataPath/ID_EX/dff_29_q] [get_bd_cells DataPath/ID_EX/dff_29]
delete_bd_objs [get_bd_nets DataPath/EX_MEM/d2_1] [get_bd_nets DataPath/EX_MEM/dff_30_q] [get_bd_cells DataPath/EX_MEM/dff_30]
create_bd_cell -type module -reference mux DataPath/mux_15
create_bd_cell -type module -reference mux DataPath/mux_16
create_bd_cell -type module -reference mux DataPath/mux_17
delete_bd_objs [get_bd_nets DataPath/AND_gate_1_C]
connect_bd_net [get_bd_pins DataPath/AND_gate_1/C] [get_bd_pins DataPath/mux_15/in0]
connect_bd_net [get_bd_pins DataPath/mux_15/muxOut] [get_bd_pins DataPath/programCounter_0/i_clk]
connect_bd_net [get_bd_pins DataPath/programCounter_0/pcOut] [get_bd_pins DataPath/mux_15/in1]
delete_bd_objs [get_bd_nets DataPath/IF_ID/instructionMemory_0_instruction]
move_bd_cells [get_bd_cells DataPath/IF_ID] [get_bd_cells DataPath/mux_16]
move_bd_cells [get_bd_cells DataPath/IF_ID] [get_bd_cells DataPath/mux_17]
connect_bd_net [get_bd_pins DataPath/IF_ID/d] [get_bd_pins DataPath/IF_ID/mux_16/in0]
connect_bd_net [get_bd_pins DataPath/IF_ID/dff_2/q] [get_bd_pins DataPath/IF_ID/mux_16/in1]
delete_bd_objs [get_bd_nets DataPath/IF_ID/d1_1]
connect_bd_net [get_bd_pins DataPath/IF_ID/d1] [get_bd_pins DataPath/IF_ID/mux_17/in0]
connect_bd_net [get_bd_pins DataPath/IF_ID/dff_0/q] [get_bd_pins DataPath/IF_ID/mux_17/in1]
close [ open {F:/New folder/Pipelined-1 - Copy/mips.srcs/sources_1/new/branch_flush_ctrl.v} w ]
add_files {{F:/New folder/Pipelined-1 - Copy/mips.srcs/sources_1/new/branch_flush_ctrl.v}}
update_compile_order -fileset sources_1
create_bd_cell -type module -reference branch_flush_ctrl DataPath/branch_flush_ctrl_0
WARNING: [IP_Flow 19-378] There are no ports found from top-level file 'f:/New folder/Pipelined-1 - Copy/mips.srcs/sources_1/new/branch_flush_ctrl.v'.
WARNING: [IP_Flow 19-965] There are no component ports to infer bus interfaces.
ERROR: [IP_Flow 19-748] Component Definition 'xilinx.com:module_ref:branch_flush_ctrl:1.0 (branch_flush_ctrl_v1_0)': No ports found. There must be an interface when the IP has at least one source file group.
ERROR: [IP_Flow 19-4668] Failed to infer definition from module 'branch_flush_ctrl'.
ERROR: [BD 41-1699] Unable to add reference type cell for reference-module 'branch_flush_ctrl'
ERROR: [BD 5-7] Error: running create_bd_cell  -type module -reference branch_flush_ctrl -name DataPath/branch_flush_ctrl_0 .
ERROR: [Common 17-39] 'create_bd_cell' failed due to earlier errors.
create_bd_cell -type module -reference branch_flush_ctrl DataPath/branch_flush_ctrl_0
INFO: [IP_Flow 19-234] Refreshing IP repositories
INFO: [IP_Flow 19-1704] No user IP repositories specified
move_bd_cells [get_bd_cells /] [get_bd_cells DataPath/branch_flush_ctrl_0]
move_bd_cells [get_bd_cells DataPath] [get_bd_cells branch_flush_ctrl_0]
move_bd_cells [get_bd_cells /] [get_bd_cells DataPath/branch_flush_ctrl_0]
move_bd_cells [get_bd_cells DataPath] [get_bd_cells branch_flush_ctrl_0]
connect_bd_net [get_bd_pins DataPath/ctrl3] [get_bd_pins DataPath/branch_flush_ctrl_0/id_pcsrc]
connect_bd_net [get_bd_pins DataPath/EX_MEM/q9] [get_bd_pins DataPath/branch_flush_ctrl_0/ex_mem_pcsrc]
connect_bd_net [get_bd_pins DataPath/branch_flush_ctrl_0/stall_ctrl] [get_bd_pins DataPath/IF_ID/mux_17/ctrl]
connect_bd_net [get_bd_pins DataPath/branch_flush_ctrl_0/stall_ctrl] [get_bd_pins DataPath/IF_ID/mux_16/ctrl]
connect_bd_net [get_bd_pins DataPath/IF_ID/mux_17/muxOut] [get_bd_pins DataPath/IF_ID/dff_0/d]
connect_bd_net [get_bd_pins DataPath/IF_ID/mux_16/muxOut] [get_bd_pins DataPath/IF_ID/dff_2/d]
save_bd_design
Wrote  : <F:\New folder\Pipelined-1 - Copy\mips.srcs\sources_1\bd\mips\mips.bd> 
Wrote  : <F:/New folder/Pipelined-1 - Copy/mips.srcs/sources_1/bd/mips/ui/bd_e0a3b57f.ui> 
